src/utils/validators.py:222: error: Statement is unreachable  [unreachable]
prompt_builder.py:155: error: Returning Any from function declared to return "str"  [no-any-return]
prompt_builder.py:206: error: Returning Any from function declared to return "str"  [no-any-return]
prompt_builder.py:232: error: Returning Any from function declared to return "str"  [no-any-return]
prompt_builder.py:289: error: Returning Any from function declared to return "str"  [no-any-return]
prompt_builder.py:293: error: Returning Any from function declared to return "str"  [no-any-return]
src/utils/helpers.py:89: error: Incompatible types in assignment (expression has type "bytes", variable has type "str | None")  [assignment]
src/utils/helpers.py:95: error: Subclass of "str" and "bytes" cannot exist: would have incompatible method signatures  [unreachable]
src/utils/helpers.py:130: error: Statement is unreachable  [unreachable]
src/utils/helpers.py:449: error: Statement is unreachable  [unreachable]
prompt_data_manager.py:826: error: Returning Any from function declared to return "str | None"  [no-any-return]
api_token_manager.py:492: error: Returning Any from function declared to return "int"  [no-any-return]
src/utils/logging_config.py:87: error: Incompatible types in assignment (expression has type "Formatter", variable has type "ColoredFormatter")  [assignment]
src/utils/logging_config.py:145: error: Need type annotation for "context" (hint: "context: dict[<type>, <type>] = ...")  [var-annotated]
src/prompts/services/template_service.py:132: error: Argument 1 to "_substitute_variables" of "TemplateService" has incompatible type "str | None"; expected "str"  [arg-type]
src/prompts/services/template_service.py:154: error: Need type annotation for "templates" (hint: "templates: list[<type>] = ...")  [var-annotated]
src/prompts/services/template_service.py:246: error: Incompatible return value type (got "ServiceResult[dict[str, Any]]", expected "ServiceResult[str]")  [return-value]
src/prompts/services/template_service.py:248: error: Value of type "dict[str, Any] | None" is not indexable  [index]
src/prompts/services/template_service.py:251: error: Value of type "dict[str, Any] | None" is not indexable  [index]
src/core/base/database_manager.py:188: error: Returning Any from function declared to return "int"  [no-any-return]
src/core/base/repository_base.py:215: error: Returning Any from function declared to return "bool"  [no-any-return]
src/core/base/repository_base.py:352: error: Incompatible return value type (got "T | None", expected "T")  [return-value]
src/core/base/repository_base.py:359: error: Incompatible return value type (got "T | None", expected "T")  [return-value]
src/core/base/repository_base.py:405: error: Incompatible return value type (got "T | None", expected "T")  [return-value]
src/core/base/repository_base.py:520: error: Returning Any from function declared to return "bool"  [no-any-return]
src/auth/security/password_handler.py:195: error: Returning Any from function declared to return "bool"  [no-any-return]
src/auth/security/password_handler.py:235: error: Returning Any from function declared to return "bool"  [no-any-return]
src/prompts/repositories/prompt_repository.py:348: error: Argument 1 to "append" of "list" has incompatible type "int"; expected "str | None"  [arg-type]
src/prompts/services/prompt_service.py:69: error: Incompatible return value type (got "ServiceResult[bool]", expected "ServiceResult[Prompt]")  [return-value]
src/prompts/services/prompt_service.py:154: error: Incompatible return value type (got "ServiceResult[bool]", expected "ServiceResult[Prompt]")  [return-value]
src/prompts/services/prompt_service.py:330: error: Incompatible types in assignment (expression has type "str", target has type "bool")  [assignment]
src/prompts/services/prompt_service.py:332: error: Incompatible types in assignment (expression has type "str", target has type "bool")  [assignment]
token_calculator.py:306: error: Function "builtins.any" is not valid as a type  [valid-type]
token_calculator.py:306: note: Perhaps you meant "typing.Any" instead of "any"?
token_calculator.py:315: error: Function "builtins.any" is not valid as a type  [valid-type]
token_calculator.py:315: note: Perhaps you meant "typing.Any" instead of "any"?
token_calculator.py:330: error: Unsupported operand types for < ("int" and "object")  [operator]
token_calculator.py:332: error: "object" has no attribute "append"  [attr-defined]
token_calculator.py:333: error: Unsupported operand types for < ("int" and "object")  [operator]
token_calculator.py:335: error: "object" has no attribute "append"  [attr-defined]
token_calculator.py:336: error: Unsupported operand types for < ("int" and "object")  [operator]
token_calculator.py:344: error: "object" has no attribute "append"  [attr-defined]
token_calculator.py:351: error: "object" has no attribute "append"  [attr-defined]
auth_manager.py:60: error: Incompatible default for argument "db_path" (default has type "None", argument has type "str")  [assignment]
auth_manager.py:60: note: PEP 484 prohibits implicit Optional. Accordingly, mypy has changed its default to no_implicit_optional=True
auth_manager.py:60: note: Use https://github.com/hauntsaninja/no_implicit_optional to automatically upgrade your codebase
auth_manager.py:376: error: Incompatible default for argument "sso_id" (default has type "None", argument has type "str")  [assignment]
auth_manager.py:376: note: PEP 484 prohibits implicit Optional. Accordingly, mypy has changed its default to no_implicit_optional=True
auth_manager.py:376: note: Use https://github.com/hauntsaninja/no_implicit_optional to automatically upgrade your codebase
auth_manager.py:478: error: Incompatible default for argument "subdomain" (default has type "None", argument has type "str")  [assignment]
auth_manager.py:478: note: PEP 484 prohibits implicit Optional. Accordingly, mypy has changed its default to no_implicit_optional=True
auth_manager.py:478: note: Use https://github.com/hauntsaninja/no_implicit_optional to automatically upgrade your codebase
auth_manager.py:592: error: Incompatible default for argument "ip_address" (default has type "None", argument has type "str")  [assignment]
auth_manager.py:592: note: PEP 484 prohibits implicit Optional. Accordingly, mypy has changed its default to no_implicit_optional=True
auth_manager.py:592: note: Use https://github.com/hauntsaninja/no_implicit_optional to automatically upgrade your codebase
auth_manager.py:592: error: Incompatible default for argument "user_agent" (default has type "None", argument has type "str")  [assignment]
auth_manager.py:740: error: Incompatible default for argument "subdomain" (default has type "None", argument has type "str")  [assignment]
auth_manager.py:740: note: PEP 484 prohibits implicit Optional. Accordingly, mypy has changed its default to no_implicit_optional=True
auth_manager.py:740: note: Use https://github.com/hauntsaninja/no_implicit_optional to automatically upgrade your codebase
auth_manager.py:756: error: Incompatible default for argument "subdomain" (default has type "None", argument has type "str")  [assignment]
auth_manager.py:756: note: PEP 484 prohibits implicit Optional. Accordingly, mypy has changed its default to no_implicit_optional=True
auth_manager.py:756: note: Use https://github.com/hauntsaninja/no_implicit_optional to automatically upgrade your codebase
auth_manager.py:1296: error: Incompatible return value type (got "dict[str, dict[str, object]]", expected "dict[str, str]")  [return-value]
auth_manager.py:1309: error: Invalid index type "str" for "str"; expected type "SupportsIndex | slice[Any, Any, Any]"  [index]
auth_manager.py:1311: error: Invalid index type "str" for "str"; expected type "SupportsIndex | slice[Any, Any, Any]"  [index]
auth_manager.py:1328: error: Invalid index type "str" for "str"; expected type "SupportsIndex | slice[Any, Any, Any]"  [index]
auth_manager.py:1330: error: Invalid index type "str" for "str"; expected type "SupportsIndex | slice[Any, Any, Any]"  [index]
auth_manager.py:1352: error: Incompatible return value type (got "Literal[False] | str | None", expected "bool")  [return-value]
auth_manager.py:1360: error: Incompatible return value type (got "Literal[False] | str | None", expected "bool")  [return-value]
prompt_manager.py:43: error: Statement is unreachable  [unreachable]
prompt_manager.py:54: error: Incompatible types in assignment (expression has type "User", variable has type "None")  [assignment]
prompt_manager.py:55: error: Incompatible types in assignment (expression has type "PromptDataManager", variable has type "None")  [assignment]
prompt_manager.py:114: error: Statement is unreachable  [unreachable]
prompt_manager.py:139: error: Statement is unreachable  [unreachable]
prompt_manager.py:160: error: Statement is unreachable  [unreachable]
prompt_manager.py:176: error: Statement is unreachable  [unreachable]
prompt_manager.py:211: error: Statement is unreachable  [unreachable]
prompt_manager.py:231: error: Statement is unreachable  [unreachable]
prompt_manager.py:287: error: Need type annotation for "categories" (hint: "categories: dict[<type>, <type>] = ...")  [var-annotated]
prompt_manager.py:361: error: Returning Any from function declared to return "str"  [no-any-return]
prompt_manager.py:363: error: Returning Any from function declared to return "str"  [no-any-return]
prompt_manager.py:367: error: Returning Any from function declared to return "str"  [no-any-return]
prompt_manager.py:383: error: Statement is unreachable  [unreachable]
prompt_manager.py:400: error: Statement is unreachable  [unreachable]
prompt_manager.py:449: error: Incompatible return value type (got "None", expected "bool")  [return-value]
prompt_manager.py:449: error: Right operand of "and" is never evaluated  [unreachable]
prompt_manager.py:499: error: Statement is unreachable  [unreachable]
prompt_manager.py:508: error: Statement is unreachable  [unreachable]
prompt_manager.py:515: error: Statement is unreachable  [unreachable]
prompt_manager.py:522: error: Statement is unreachable  [unreachable]
prompt_manager.py:529: error: Statement is unreachable  [unreachable]
prompt_manager.py:542: error: Statement is unreachable  [unreachable]
prompt_manager.py:575: error: Need type annotation for "session_store" (hint: "session_store: dict[<type>, <type>] = ...")  [var-annotated]
prompt_manager.py:583: error: Returning Any from function declared to return "str | None"  [no-any-return]
prompt_manager.py:587: error: Returning Any from function declared to return "str | None"  [no-any-return]
prompt_manager.py:602: error: "None" has no attribute "first_name"  [attr-defined]
prompt_manager.py:602: error: "None" has no attribute "last_name"  [attr-defined]
prompt_manager.py:602: error: "None" has no attribute "email"  [attr-defined]
prompt_manager.py:620: error: "None" has no attribute "first_name"  [attr-defined]
prompt_manager.py:620: error: "None" has no attribute "last_name"  [attr-defined]
prompt_manager.py:662: error: Statement is unreachable  [unreachable]
prompt_manager.py:700: error: Statement is unreachable  [unreachable]
prompt_manager.py:719: error: Statement is unreachable  [unreachable]
prompt_manager.py:760: error: Statement is unreachable  [unreachable]
prompt_manager.py:826: error: Statement is unreachable  [unreachable]
prompt_manager.py:859: error: Statement is unreachable  [unreachable]
prompt_manager.py:902: error: "AIPromptManager" has no attribute "get_current_user_id"; maybe "set_current_user", "current_user", or "clear_current_user"?  [attr-defined]
prompt_manager.py:909: error: "AIPromptManager" has no attribute "get_user_config"  [attr-defined]
prompt_manager.py:1061: error: Statement is unreachable  [unreachable]
prompt_manager.py:1131: error: Statement is unreachable  [unreachable]
prompt_manager.py:1186: error: Too many arguments for "get_combination_preview" of "PromptBuilder"  [call-arg]
prompt_manager.py:2661: error: Statement is unreachable  [unreachable]
api_endpoints.py:105: error: Argument 1 to "get_tenant_users" of "AuthManager" has incompatible type "str | None"; expected "str"  [arg-type]
api_endpoints.py:363: error: Unsupported target for indexed assignment ("object")  [index]
run.py:103: error: Incompatible types in assignment (expression has type "Any | str", target has type "bool")  [assignment]
run.py:104: error: Incompatible types in assignment (expression has type "Any | int", target has type "bool")  [assignment]
run.py:111: error: Incompatible types in assignment (expression has type "str", target has type "bool")  [assignment]
run.py:112: error: Incompatible types in assignment (expression has type "str | bool", target has type "bool")  [assignment]
run.py:112: error: Argument 2 to "getenv" has incompatible type "str"; expected "bool"  [arg-type]
run.py:113: error: Incompatible types in assignment (expression has type "str | None", target has type "bool")  [assignment]
